gcc -D_FORTIFY_SOURCE=2 -D_GNU_SOURCE -D_FILE_OFFSET_BITS=64 -D_LARGEFILE_SOURCE -Wstrict-prototypes -Wredundant-decls -Wall -Wundef -Wendif-labels -Wwrite-strings -Wmissing-prototypes -fno-strict-aliasing -c -o /tmp/qemu-conf--3424-.o /tmp/qemu-conf--3424-.c
/tmp/qemu-conf--3424-.c:2:2: error: #error Not defined
gcc -D_FORTIFY_SOURCE=2 -D_GNU_SOURCE -D_FILE_OFFSET_BITS=64 -D_LARGEFILE_SOURCE -Wstrict-prototypes -Wredundant-decls -Wall -Wundef -Wendif-labels -Wwrite-strings -Wmissing-prototypes -fno-strict-aliasing -c -o /tmp/qemu-conf--3424-.o /tmp/qemu-conf--3424-.c
gcc -D_FORTIFY_SOURCE=2 -D_GNU_SOURCE -D_FILE_OFFSET_BITS=64 -D_LARGEFILE_SOURCE -Wstrict-prototypes -Wredundant-decls -Wall -Wundef -Wendif-labels -Wwrite-strings -Wmissing-prototypes -fno-strict-aliasing -c -o /tmp/qemu-conf--3424-.o /tmp/qemu-conf--3424-.c
gcc -m64 -D_FORTIFY_SOURCE=2 -D_GNU_SOURCE -D_FILE_OFFSET_BITS=64 -D_LARGEFILE_SOURCE -Wstrict-prototypes -Wredundant-decls -Wall -Wundef -Wendif-labels -Wwrite-strings -Wmissing-prototypes -fno-strict-aliasing -c -o /tmp/qemu-conf--3424-.o /tmp/qemu-conf--3424-.c
/tmp/qemu-conf--3424-.c: In function ‘main’:
/tmp/qemu-conf--3424-.c:1:1: warning: control reaches end of non-void function [-Wreturn-type]
gcc -m64 -D_FORTIFY_SOURCE=2 -D_GNU_SOURCE -D_FILE_OFFSET_BITS=64 -D_LARGEFILE_SOURCE -Wstrict-prototypes -Wredundant-decls -Wall -Wundef -Wendif-labels -Wwrite-strings -Wmissing-prototypes -fno-strict-aliasing -Werror -m64 -D_FORTIFY_SOURCE=2 -D_GNU_SOURCE -D_FILE_OFFSET_BITS=64 -D_LARGEFILE_SOURCE -Wstrict-prototypes -Wredundant-decls -Wall -Wundef -Wendif-labels -Wwrite-strings -Wmissing-prototypes -fno-strict-aliasing -o /tmp/qemu-conf--3424-.exe /tmp/qemu-conf--3424-.c -m64 -g -Werror -fstack-protector-all
gcc -m64 -D_FORTIFY_SOURCE=2 -D_GNU_SOURCE -D_FILE_OFFSET_BITS=64 -D_LARGEFILE_SOURCE -Wstrict-prototypes -Wredundant-decls -Wall -Wundef -Wendif-labels -Wwrite-strings -Wmissing-prototypes -fno-strict-aliasing -fstack-protector-all -Werror -m64 -D_FORTIFY_SOURCE=2 -D_GNU_SOURCE -D_FILE_OFFSET_BITS=64 -D_LARGEFILE_SOURCE -Wstrict-prototypes -Wredundant-decls -Wall -Wundef -Wendif-labels -Wwrite-strings -Wmissing-prototypes -fno-strict-aliasing -fstack-protector-all -o /tmp/qemu-conf--3424-.exe /tmp/qemu-conf--3424-.c -m64 -g -Werror -Wmissing-include-dirs
gcc -m64 -D_FORTIFY_SOURCE=2 -D_GNU_SOURCE -D_FILE_OFFSET_BITS=64 -D_LARGEFILE_SOURCE -Wstrict-prototypes -Wredundant-decls -Wall -Wundef -Wendif-labels -Wwrite-strings -Wmissing-prototypes -fno-strict-aliasing -fstack-protector-all -Wmissing-include-dirs -Werror -m64 -D_FORTIFY_SOURCE=2 -D_GNU_SOURCE -D_FILE_OFFSET_BITS=64 -D_LARGEFILE_SOURCE -Wstrict-prototypes -Wredundant-decls -Wall -Wundef -Wendif-labels -Wwrite-strings -Wmissing-prototypes -fno-strict-aliasing -fstack-protector-all -Wmissing-include-dirs -o /tmp/qemu-conf--3424-.exe /tmp/qemu-conf--3424-.c -m64 -g -Werror -Wempty-body
gcc -m64 -D_FORTIFY_SOURCE=2 -D_GNU_SOURCE -D_FILE_OFFSET_BITS=64 -D_LARGEFILE_SOURCE -Wstrict-prototypes -Wredundant-decls -Wall -Wundef -Wendif-labels -Wwrite-strings -Wmissing-prototypes -fno-strict-aliasing -fstack-protector-all -Wmissing-include-dirs -Wempty-body -Werror -m64 -D_FORTIFY_SOURCE=2 -D_GNU_SOURCE -D_FILE_OFFSET_BITS=64 -D_LARGEFILE_SOURCE -Wstrict-prototypes -Wredundant-decls -Wall -Wundef -Wendif-labels -Wwrite-strings -Wmissing-prototypes -fno-strict-aliasing -fstack-protector-all -Wmissing-include-dirs -Wempty-body -o /tmp/qemu-conf--3424-.exe /tmp/qemu-conf--3424-.c -m64 -g -Werror -Wnested-externs
gcc -m64 -D_FORTIFY_SOURCE=2 -D_GNU_SOURCE -D_FILE_OFFSET_BITS=64 -D_LARGEFILE_SOURCE -Wstrict-prototypes -Wredundant-decls -Wall -Wundef -Wendif-labels -Wwrite-strings -Wmissing-prototypes -fno-strict-aliasing -fstack-protector-all -Wmissing-include-dirs -Wempty-body -Wnested-externs -Werror -m64 -D_FORTIFY_SOURCE=2 -D_GNU_SOURCE -D_FILE_OFFSET_BITS=64 -D_LARGEFILE_SOURCE -Wstrict-prototypes -Wredundant-decls -Wall -Wundef -Wendif-labels -Wwrite-strings -Wmissing-prototypes -fno-strict-aliasing -fstack-protector-all -Wmissing-include-dirs -Wempty-body -Wnested-externs -o /tmp/qemu-conf--3424-.exe /tmp/qemu-conf--3424-.c -m64 -g -Werror -Wformat-security
gcc -m64 -D_FORTIFY_SOURCE=2 -D_GNU_SOURCE -D_FILE_OFFSET_BITS=64 -D_LARGEFILE_SOURCE -Wstrict-prototypes -Wredundant-decls -Wall -Wundef -Wendif-labels -Wwrite-strings -Wmissing-prototypes -fno-strict-aliasing -fstack-protector-all -Wmissing-include-dirs -Wempty-body -Wnested-externs -Wformat-security -Werror -m64 -D_FORTIFY_SOURCE=2 -D_GNU_SOURCE -D_FILE_OFFSET_BITS=64 -D_LARGEFILE_SOURCE -Wstrict-prototypes -Wredundant-decls -Wall -Wundef -Wendif-labels -Wwrite-strings -Wmissing-prototypes -fno-strict-aliasing -fstack-protector-all -Wmissing-include-dirs -Wempty-body -Wnested-externs -Wformat-security -o /tmp/qemu-conf--3424-.exe /tmp/qemu-conf--3424-.c -m64 -g -Werror -Wformat-y2k
gcc -m64 -D_FORTIFY_SOURCE=2 -D_GNU_SOURCE -D_FILE_OFFSET_BITS=64 -D_LARGEFILE_SOURCE -Wstrict-prototypes -Wredundant-decls -Wall -Wundef -Wendif-labels -Wwrite-strings -Wmissing-prototypes -fno-strict-aliasing -fstack-protector-all -Wmissing-include-dirs -Wempty-body -Wnested-externs -Wformat-security -Wformat-y2k -Werror -m64 -D_FORTIFY_SOURCE=2 -D_GNU_SOURCE -D_FILE_OFFSET_BITS=64 -D_LARGEFILE_SOURCE -Wstrict-prototypes -Wredundant-decls -Wall -Wundef -Wendif-labels -Wwrite-strings -Wmissing-prototypes -fno-strict-aliasing -fstack-protector-all -Wmissing-include-dirs -Wempty-body -Wnested-externs -Wformat-security -Wformat-y2k -o /tmp/qemu-conf--3424-.exe /tmp/qemu-conf--3424-.c -m64 -g -Werror -Winit-self
gcc -m64 -D_FORTIFY_SOURCE=2 -D_GNU_SOURCE -D_FILE_OFFSET_BITS=64 -D_LARGEFILE_SOURCE -Wstrict-prototypes -Wredundant-decls -Wall -Wundef -Wendif-labels -Wwrite-strings -Wmissing-prototypes -fno-strict-aliasing -fstack-protector-all -Wmissing-include-dirs -Wempty-body -Wnested-externs -Wformat-security -Wformat-y2k -Winit-self -Werror -m64 -D_FORTIFY_SOURCE=2 -D_GNU_SOURCE -D_FILE_OFFSET_BITS=64 -D_LARGEFILE_SOURCE -Wstrict-prototypes -Wredundant-decls -Wall -Wundef -Wendif-labels -Wwrite-strings -Wmissing-prototypes -fno-strict-aliasing -fstack-protector-all -Wmissing-include-dirs -Wempty-body -Wnested-externs -Wformat-security -Wformat-y2k -Winit-self -o /tmp/qemu-conf--3424-.exe /tmp/qemu-conf--3424-.c -m64 -g -Werror -Wignored-qualifiers
gcc -m64 -D_FORTIFY_SOURCE=2 -D_GNU_SOURCE -D_FILE_OFFSET_BITS=64 -D_LARGEFILE_SOURCE -Wstrict-prototypes -Wredundant-decls -Wall -Wundef -Wendif-labels -Wwrite-strings -Wmissing-prototypes -fno-strict-aliasing -fstack-protector-all -Wmissing-include-dirs -Wempty-body -Wnested-externs -Wformat-security -Wformat-y2k -Winit-self -Wignored-qualifiers -Werror -m64 -D_FORTIFY_SOURCE=2 -D_GNU_SOURCE -D_FILE_OFFSET_BITS=64 -D_LARGEFILE_SOURCE -Wstrict-prototypes -Wredundant-decls -Wall -Wundef -Wendif-labels -Wwrite-strings -Wmissing-prototypes -fno-strict-aliasing -fstack-protector-all -Wmissing-include-dirs -Wempty-body -Wnested-externs -Wformat-security -Wformat-y2k -Winit-self -Wignored-qualifiers -o /tmp/qemu-conf--3424-.exe /tmp/qemu-conf--3424-.c -m64 -g -Werror -Wold-style-declaration
gcc -m64 -D_FORTIFY_SOURCE=2 -D_GNU_SOURCE -D_FILE_OFFSET_BITS=64 -D_LARGEFILE_SOURCE -Wstrict-prototypes -Wredundant-decls -Wall -Wundef -Wendif-labels -Wwrite-strings -Wmissing-prototypes -fno-strict-aliasing -fstack-protector-all -Wmissing-include-dirs -Wempty-body -Wnested-externs -Wformat-security -Wformat-y2k -Winit-self -Wignored-qualifiers -Wold-style-declaration -Werror -m64 -D_FORTIFY_SOURCE=2 -D_GNU_SOURCE -D_FILE_OFFSET_BITS=64 -D_LARGEFILE_SOURCE -Wstrict-prototypes -Wredundant-decls -Wall -Wundef -Wendif-labels -Wwrite-strings -Wmissing-prototypes -fno-strict-aliasing -fstack-protector-all -Wmissing-include-dirs -Wempty-body -Wnested-externs -Wformat-security -Wformat-y2k -Winit-self -Wignored-qualifiers -Wold-style-declaration -o /tmp/qemu-conf--3424-.exe /tmp/qemu-conf--3424-.c -m64 -g -Werror -Wold-style-definition
gcc -m64 -D_FORTIFY_SOURCE=2 -D_GNU_SOURCE -D_FILE_OFFSET_BITS=64 -D_LARGEFILE_SOURCE -Wstrict-prototypes -Wredundant-decls -Wall -Wundef -Wendif-labels -Wwrite-strings -Wmissing-prototypes -fno-strict-aliasing -fstack-protector-all -Wmissing-include-dirs -Wempty-body -Wnested-externs -Wformat-security -Wformat-y2k -Winit-self -Wignored-qualifiers -Wold-style-declaration -Wold-style-definition -Werror -m64 -D_FORTIFY_SOURCE=2 -D_GNU_SOURCE -D_FILE_OFFSET_BITS=64 -D_LARGEFILE_SOURCE -Wstrict-prototypes -Wredundant-decls -Wall -Wundef -Wendif-labels -Wwrite-strings -Wmissing-prototypes -fno-strict-aliasing -fstack-protector-all -Wmissing-include-dirs -Wempty-body -Wnested-externs -Wformat-security -Wformat-y2k -Winit-self -Wignored-qualifiers -Wold-style-declaration -Wold-style-definition -o /tmp/qemu-conf--3424-.exe /tmp/qemu-conf--3424-.c -m64 -g -Werror -Wtype-limits
gcc -m64 -D_FORTIFY_SOURCE=2 -D_GNU_SOURCE -D_FILE_OFFSET_BITS=64 -D_LARGEFILE_SOURCE -Wstrict-prototypes -Wredundant-decls -Wall -Wundef -Wendif-labels -Wwrite-strings -Wmissing-prototypes -fno-strict-aliasing -fstack-protector-all -Wmissing-include-dirs -Wempty-body -Wnested-externs -Wformat-security -Wformat-y2k -Winit-self -Wignored-qualifiers -Wold-style-declaration -Wold-style-definition -Wtype-limits -o /tmp/qemu-conf--3424-.exe /tmp/qemu-conf--3424-.c -m64 -g
gcc -m64 -D_FORTIFY_SOURCE=2 -D_GNU_SOURCE -D_FILE_OFFSET_BITS=64 -D_LARGEFILE_SOURCE -Wstrict-prototypes -Wredundant-decls -Wall -Wundef -Wendif-labels -Wwrite-strings -Wmissing-prototypes -fno-strict-aliasing -fstack-protector-all -Wmissing-include-dirs -Wempty-body -Wnested-externs -Wformat-security -Wformat-y2k -Winit-self -Wignored-qualifiers -Wold-style-declaration -Wold-style-definition -Wtype-limits -c -o /tmp/qemu-conf--3424-.o /tmp/qemu-conf--3424-.c
gcc -m64 -D_FORTIFY_SOURCE=2 -D_GNU_SOURCE -D_FILE_OFFSET_BITS=64 -D_LARGEFILE_SOURCE -Wstrict-prototypes -Wredundant-decls -Wall -Wundef -Wendif-labels -Wwrite-strings -Wmissing-prototypes -fno-strict-aliasing -fstack-protector-all -Wmissing-include-dirs -Wempty-body -Wnested-externs -Wformat-security -Wformat-y2k -Winit-self -Wignored-qualifiers -Wold-style-declaration -Wold-style-definition -Wtype-limits -c -o /tmp/qemu-conf--3424-.o /tmp/qemu-conf--3424-.c
/tmp/qemu-conf--3424-.c:3:6: warning: function declaration isn’t a prototype [-Wstrict-prototypes]
/tmp/qemu-conf--3424-.c: In function ‘foo’:
/tmp/qemu-conf--3424-.c:3:6: warning: old-style function definition [-Wold-style-definition]
gcc -m64 -D_FORTIFY_SOURCE=2 -D_GNU_SOURCE -D_FILE_OFFSET_BITS=64 -D_LARGEFILE_SOURCE -Wstrict-prototypes -Wredundant-decls -Wall -Wundef -Wendif-labels -Wwrite-strings -Wmissing-prototypes -fno-strict-aliasing -fstack-protector-all -Wmissing-include-dirs -Wempty-body -Wnested-externs -Wformat-security -Wformat-y2k -Winit-self -Wignored-qualifiers -Wold-style-declaration -Wold-style-definition -Wtype-limits -o /tmp/qemu-conf--3424-.exe /tmp/qemu-conf--3424-.c -m64 -g -lz
gcc -m64 -D_FORTIFY_SOURCE=2 -D_GNU_SOURCE -D_FILE_OFFSET_BITS=64 -D_LARGEFILE_SOURCE -Wstrict-prototypes -Wredundant-decls -Wall -Wundef -Wendif-labels -Wwrite-strings -Wmissing-prototypes -fno-strict-aliasing -fstack-protector-all -Wmissing-include-dirs -Wempty-body -Wnested-externs -Wformat-security -Wformat-y2k -Winit-self -Wignored-qualifiers -Wold-style-declaration -Wold-style-definition -Wtype-limits -o /tmp/qemu-conf--3424-.exe /tmp/qemu-conf--3424-.c -m64 -g -lxenstore -lxenctrl -lxenguest
/tmp/qemu-conf--3424-.c:1:21: fatal error: xenctrl.h: No such file or directory
compilation terminated.
gcc -m64 -D_FORTIFY_SOURCE=2 -D_GNU_SOURCE -D_FILE_OFFSET_BITS=64 -D_LARGEFILE_SOURCE -Wstrict-prototypes -Wredundant-decls -Wall -Wundef -Wendif-labels -Wwrite-strings -Wmissing-prototypes -fno-strict-aliasing -fstack-protector-all -Wmissing-include-dirs -Wempty-body -Wnested-externs -Wformat-security -Wformat-y2k -Winit-self -Wignored-qualifiers -Wold-style-declaration -Wold-style-definition -Wtype-limits -o /tmp/qemu-conf--3424-.exe /tmp/qemu-conf--3424-.c -m64 -g
/tmp/qemu-conf--3424-.c:1:27: fatal error: gnutls/gnutls.h: No such file or directory
compilation terminated.
gcc -m64 -D_FORTIFY_SOURCE=2 -D_GNU_SOURCE -D_FILE_OFFSET_BITS=64 -D_LARGEFILE_SOURCE -Wstrict-prototypes -Wredundant-decls -Wall -Wundef -Wendif-labels -Wwrite-strings -Wmissing-prototypes -fno-strict-aliasing -fstack-protector-all -Wmissing-include-dirs -Wempty-body -Wnested-externs -Wformat-security -Wformat-y2k -Winit-self -Wignored-qualifiers -Wold-style-declaration -Wold-style-definition -Wtype-limits -o /tmp/qemu-conf--3424-.exe /tmp/qemu-conf--3424-.c -m64 -g -lsasl2
/tmp/qemu-conf--3424-.c:1:23: fatal error: sasl/sasl.h: No such file or directory
compilation terminated.
gcc -m64 -D_FORTIFY_SOURCE=2 -D_GNU_SOURCE -D_FILE_OFFSET_BITS=64 -D_LARGEFILE_SOURCE -Wstrict-prototypes -Wredundant-decls -Wall -Wundef -Wendif-labels -Wwrite-strings -Wmissing-prototypes -fno-strict-aliasing -fstack-protector-all -Wmissing-include-dirs -Wempty-body -Wnested-externs -Wformat-security -Wformat-y2k -Winit-self -Wignored-qualifiers -Wold-style-declaration -Wold-style-definition -Wtype-limits -o /tmp/qemu-conf--3424-.exe /tmp/qemu-conf--3424-.c -m64 -g -ljpeg
/tmp/qemu-conf--3424-.c:2:21: fatal error: jpeglib.h: No such file or directory
compilation terminated.
gcc -m64 -D_FORTIFY_SOURCE=2 -D_GNU_SOURCE -D_FILE_OFFSET_BITS=64 -D_LARGEFILE_SOURCE -Wstrict-prototypes -Wredundant-decls -Wall -Wundef -Wendif-labels -Wwrite-strings -Wmissing-prototypes -fno-strict-aliasing -fstack-protector-all -Wmissing-include-dirs -Wempty-body -Wnested-externs -Wformat-security -Wformat-y2k -Winit-self -Wignored-qualifiers -Wold-style-declaration -Wold-style-definition -Wtype-limits -o /tmp/qemu-conf--3424-.exe /tmp/qemu-conf--3424-.c -m64 -g -lpng
/tmp/qemu-conf--3424-.c:2:17: fatal error: png.h: No such file or directory
compilation terminated.
gcc -m64 -D_FORTIFY_SOURCE=2 -D_GNU_SOURCE -D_FILE_OFFSET_BITS=64 -D_LARGEFILE_SOURCE -Wstrict-prototypes -Wredundant-decls -Wall -Wundef -Wendif-labels -Wwrite-strings -Wmissing-prototypes -fno-strict-aliasing -fstack-protector-all -Wmissing-include-dirs -Wempty-body -Wnested-externs -Wformat-security -Wformat-y2k -Winit-self -Wignored-qualifiers -Wold-style-declaration -Wold-style-definition -Wtype-limits -o /tmp/qemu-conf--3424-.exe /tmp/qemu-conf--3424-.c -m64 -g
gcc -m64 -D_FORTIFY_SOURCE=2 -D_GNU_SOURCE -D_FILE_OFFSET_BITS=64 -D_LARGEFILE_SOURCE -Wstrict-prototypes -Wredundant-decls -Wall -Wundef -Wendif-labels -Wwrite-strings -Wmissing-prototypes -fno-strict-aliasing -fstack-protector-all -Wmissing-include-dirs -Wempty-body -Wnested-externs -Wformat-security -Wformat-y2k -Winit-self -Wignored-qualifiers -Wold-style-declaration -Wold-style-definition -Wtype-limits -o /tmp/qemu-conf--3424-.exe /tmp/qemu-conf--3424-.c -m64 -g -luuid
/tmp/qemu-conf--3424-.c:1:23: fatal error: uuid/uuid.h: No such file or directory
compilation terminated.
gcc -m64 -D_FORTIFY_SOURCE=2 -D_GNU_SOURCE -D_FILE_OFFSET_BITS=64 -D_LARGEFILE_SOURCE -Wstrict-prototypes -Wredundant-decls -Wall -Wundef -Wendif-labels -Wwrite-strings -Wmissing-prototypes -fno-strict-aliasing -fstack-protector-all -Wmissing-include-dirs -Wempty-body -Wnested-externs -Wformat-security -Wformat-y2k -Winit-self -Wignored-qualifiers -Wold-style-declaration -Wold-style-definition -Wtype-limits -o /tmp/qemu-conf--3424-.exe /tmp/qemu-conf--3424-.c -m64 -g
/tmp/qemu-conf--3424-.c:1:21: fatal error: xfs/xfs.h: No such file or directory
compilation terminated.
gcc -m64 -D_FORTIFY_SOURCE=2 -D_GNU_SOURCE -D_FILE_OFFSET_BITS=64 -D_LARGEFILE_SOURCE -Wstrict-prototypes -Wredundant-decls -Wall -Wundef -Wendif-labels -Wwrite-strings -Wmissing-prototypes -fno-strict-aliasing -fstack-protector-all -Wmissing-include-dirs -Wempty-body -Wnested-externs -Wformat-security -Wformat-y2k -Winit-self -Wignored-qualifiers -Wold-style-declaration -Wold-style-definition -Wtype-limits -o /tmp/qemu-conf--3424-.exe /tmp/qemu-conf--3424-.c -m64 -g -lvdeplug
/tmp/qemu-conf--3424-.c:1:24: fatal error: libvdeplug.h: No such file or directory
compilation terminated.
gcc -m64 -D_FORTIFY_SOURCE=2 -D_GNU_SOURCE -D_FILE_OFFSET_BITS=64 -D_LARGEFILE_SOURCE -Wstrict-prototypes -Wredundant-decls -Wall -Wundef -Wendif-labels -Wwrite-strings -Wmissing-prototypes -fno-strict-aliasing -fstack-protector-all -Wmissing-include-dirs -Wempty-body -Wnested-externs -Wformat-security -Wformat-y2k -Winit-self -Wignored-qualifiers -Wold-style-declaration -Wold-style-definition -Wtype-limits -o /tmp/qemu-conf--3424-.exe /tmp/qemu-conf--3424-.c -m64 -g -lbrlapi
/tmp/qemu-conf--3424-.c:1:20: fatal error: brlapi.h: No such file or directory
compilation terminated.
gcc -m64 -D_FORTIFY_SOURCE=2 -D_GNU_SOURCE -D_FILE_OFFSET_BITS=64 -D_LARGEFILE_SOURCE -Wstrict-prototypes -Wredundant-decls -Wall -Wundef -Wendif-labels -Wwrite-strings -Wmissing-prototypes -fno-strict-aliasing -fstack-protector-all -Wmissing-include-dirs -Wempty-body -Wnested-externs -Wformat-security -Wformat-y2k -Winit-self -Wignored-qualifiers -Wold-style-declaration -Wold-style-definition -Wtype-limits -o /tmp/qemu-conf--3424-.exe /tmp/qemu-conf--3424-.c -m64 -g -lncurses
/tmp/qemu-conf--3424-.c: In function ‘main’:
/tmp/qemu-conf--3424-.c:5:37: warning: return makes integer from pointer without a cast [enabled by default]
gcc -m64 -D_FORTIFY_SOURCE=2 -D_GNU_SOURCE -D_FILE_OFFSET_BITS=64 -D_LARGEFILE_SOURCE -Wstrict-prototypes -Wredundant-decls -Wall -Wundef -Wendif-labels -Wwrite-strings -Wmissing-prototypes -fno-strict-aliasing -fstack-protector-all -Wmissing-include-dirs -Wempty-body -Wnested-externs -Wformat-security -Wformat-y2k -Winit-self -Wignored-qualifiers -Wold-style-declaration -Wold-style-definition -Wtype-limits -o /tmp/qemu-conf--3424-.exe /tmp/qemu-conf--3424-.c -m64 -g
/tmp/qemu-conf--3424-.c:1:23: fatal error: curl/curl.h: No such file or directory
compilation terminated.
gcc -m64 -D_FORTIFY_SOURCE=2 -D_GNU_SOURCE -D_FILE_OFFSET_BITS=64 -D_LARGEFILE_SOURCE -Wstrict-prototypes -Wredundant-decls -Wall -Wundef -Wendif-labels -Wwrite-strings -Wmissing-prototypes -fno-strict-aliasing -fstack-protector-all -Wmissing-include-dirs -Wempty-body -Wnested-externs -Wformat-security -Wformat-y2k -Winit-self -Wignored-qualifiers -Wold-style-declaration -Wold-style-definition -Wtype-limits -o /tmp/qemu-conf--3424-.exe /tmp/qemu-conf--3424-.c -m64 -g
/tmp/qemu-conf--3424-.c:1:33: fatal error: bluetooth/bluetooth.h: No such file or directory
compilation terminated.
gcc -m64 -D_FORTIFY_SOURCE=2 -D_GNU_SOURCE -D_FILE_OFFSET_BITS=64 -D_LARGEFILE_SOURCE -Wstrict-prototypes -Wredundant-decls -Wall -Wundef -Wendif-labels -Wwrite-strings -Wmissing-prototypes -fno-strict-aliasing -fstack-protector-all -Wmissing-include-dirs -Wempty-body -Wnested-externs -Wformat-security -Wformat-y2k -Winit-self -Wignored-qualifiers -Wold-style-declaration -Wold-style-definition -Wtype-limits -o /tmp/qemu-conf--3424-.exe /tmp/qemu-conf--3424-.c -m64 -g
gcc -m64 -D_FORTIFY_SOURCE=2 -D_GNU_SOURCE -D_FILE_OFFSET_BITS=64 -D_LARGEFILE_SOURCE -Wstrict-prototypes -Wredundant-decls -Wall -Wundef -Wendif-labels -Wwrite-strings -Wmissing-prototypes -fno-strict-aliasing -fstack-protector-all -Wmissing-include-dirs -Wempty-body -Wnested-externs -Wformat-security -Wformat-y2k -Winit-self -Wignored-qualifiers -Wold-style-declaration -Wold-style-definition -Wtype-limits -o /tmp/qemu-conf--3424-.exe /tmp/qemu-conf--3424-.c -m64 -g
gcc -m64 -D_FORTIFY_SOURCE=2 -D_GNU_SOURCE -D_FILE_OFFSET_BITS=64 -D_LARGEFILE_SOURCE -Wstrict-prototypes -Wredundant-decls -Wall -Wundef -Wendif-labels -Wwrite-strings -Wmissing-prototypes -fno-strict-aliasing -fstack-protector-all -Wmissing-include-dirs -Wempty-body -Wnested-externs -Wformat-security -Wformat-y2k -Winit-self -Wignored-qualifiers -Wold-style-declaration -Wold-style-definition -Wtype-limits -o /tmp/qemu-conf--3424-.exe /tmp/qemu-conf--3424-.c -m64 -g
gcc -m64 -D_FORTIFY_SOURCE=2 -D_GNU_SOURCE -D_FILE_OFFSET_BITS=64 -D_LARGEFILE_SOURCE -Wstrict-prototypes -Wredundant-decls -Wall -Wundef -Wendif-labels -Wwrite-strings -Wmissing-prototypes -fno-strict-aliasing -fstack-protector-all -Wmissing-include-dirs -Wempty-body -Wnested-externs -Wformat-security -Wformat-y2k -Winit-self -Wignored-qualifiers -Wold-style-declaration -Wold-style-definition -Wtype-limits -o /tmp/qemu-conf--3424-.exe /tmp/qemu-conf--3424-.c -m64 -g
/tmp/qemu-conf--3424-.c: In function ‘main’:
/tmp/qemu-conf--3424-.c:2:1: warning: null argument where non-null required (argument 1) [-Wnonnull]
/tmp/qemu-conf--3424-.c:2:1: warning: null argument where non-null required (argument 3) [-Wnonnull]
/tmp/cclbqgsC.o: In function `main':
/tmp/qemu-conf--3424-.c:2: undefined reference to `pthread_create'
collect2: ld returned 1 exit status
gcc -m64 -D_FORTIFY_SOURCE=2 -D_GNU_SOURCE -D_FILE_OFFSET_BITS=64 -D_LARGEFILE_SOURCE -Wstrict-prototypes -Wredundant-decls -Wall -Wundef -Wendif-labels -Wwrite-strings -Wmissing-prototypes -fno-strict-aliasing -fstack-protector-all -Wmissing-include-dirs -Wempty-body -Wnested-externs -Wformat-security -Wformat-y2k -Winit-self -Wignored-qualifiers -Wold-style-declaration -Wold-style-definition -Wtype-limits -o /tmp/qemu-conf--3424-.exe /tmp/qemu-conf--3424-.c -m64 -g -lpthread
/tmp/qemu-conf--3424-.c: In function ‘main’:
/tmp/qemu-conf--3424-.c:2:1: warning: null argument where non-null required (argument 1) [-Wnonnull]
/tmp/qemu-conf--3424-.c:2:1: warning: null argument where non-null required (argument 3) [-Wnonnull]
gcc -m64 -D_FORTIFY_SOURCE=2 -D_GNU_SOURCE -D_FILE_OFFSET_BITS=64 -D_LARGEFILE_SOURCE -Wstrict-prototypes -Wredundant-decls -Wall -Wundef -Wendif-labels -Wwrite-strings -Wmissing-prototypes -fno-strict-aliasing -fstack-protector-all -Wmissing-include-dirs -Wempty-body -Wnested-externs -Wformat-security -Wformat-y2k -Winit-self -Wignored-qualifiers -Wold-style-declaration -Wold-style-definition -Wtype-limits -o /tmp/qemu-conf--3424-.exe /tmp/qemu-conf--3424-.c -m64 -g -lrados
/tmp/qemu-conf--3424-.c:2:28: fatal error: rados/librados.h: No such file or directory
compilation terminated.
gcc -m64 -D_FORTIFY_SOURCE=2 -D_GNU_SOURCE -D_FILE_OFFSET_BITS=64 -D_LARGEFILE_SOURCE -Wstrict-prototypes -Wredundant-decls -Wall -Wundef -Wendif-labels -Wwrite-strings -Wmissing-prototypes -fno-strict-aliasing -fstack-protector-all -Wmissing-include-dirs -Wempty-body -Wnested-externs -Wformat-security -Wformat-y2k -Winit-self -Wignored-qualifiers -Wold-style-declaration -Wold-style-definition -Wtype-limits -o /tmp/qemu-conf--3424-.exe /tmp/qemu-conf--3424-.c -m64 -g -laio
gcc -m64 -D_FORTIFY_SOURCE=2 -D_GNU_SOURCE -D_FILE_OFFSET_BITS=64 -D_LARGEFILE_SOURCE -Wstrict-prototypes -Wredundant-decls -Wall -Wundef -Wendif-labels -Wwrite-strings -Wmissing-prototypes -fno-strict-aliasing -fstack-protector-all -Wmissing-include-dirs -Wempty-body -Wnested-externs -Wformat-security -Wformat-y2k -Winit-self -Wignored-qualifiers -Wold-style-declaration -Wold-style-definition -Wtype-limits -o /tmp/qemu-conf--3424-.exe /tmp/qemu-conf--3424-.c -m64 -g -lattr
/tmp/qemu-conf--3424-.c:3:24: fatal error: attr/xattr.h: No such file or directory
compilation terminated.
gcc -m64 -D_FORTIFY_SOURCE=2 -D_GNU_SOURCE -D_FILE_OFFSET_BITS=64 -D_LARGEFILE_SOURCE -Wstrict-prototypes -Wredundant-decls -Wall -Wundef -Wendif-labels -Wwrite-strings -Wmissing-prototypes -fno-strict-aliasing -fstack-protector-all -Wmissing-include-dirs -Wempty-body -Wnested-externs -Wformat-security -Wformat-y2k -Winit-self -Wignored-qualifiers -Wold-style-declaration -Wold-style-definition -Wtype-limits -o /tmp/qemu-conf--3424-.exe /tmp/qemu-conf--3424-.c -m64 -g
/tmp/qemu-conf--3424-.c: In function ‘main’:
/tmp/qemu-conf--3424-.c:4:31: warning: unused variable ‘iov’ [-Wunused-variable]
gcc -m64 -D_FORTIFY_SOURCE=2 -D_GNU_SOURCE -D_FILE_OFFSET_BITS=64 -D_LARGEFILE_SOURCE -Wstrict-prototypes -Wredundant-decls -Wall -Wundef -Wendif-labels -Wwrite-strings -Wmissing-prototypes -fno-strict-aliasing -fstack-protector-all -Wmissing-include-dirs -Wempty-body -Wnested-externs -Wformat-security -Wformat-y2k -Winit-self -Wignored-qualifiers -Wold-style-declaration -Wold-style-definition -Wtype-limits -o /tmp/qemu-conf--3424-.exe /tmp/qemu-conf--3424-.c -m64 -g
/tmp/qemu-conf--3424-.c: In function ‘main’:
/tmp/qemu-conf--3424-.c:4:18: warning: statement with no effect [-Wunused-value]
/tmp/qemu-conf--3424-.c:4:1: warning: control reaches end of non-void function [-Wreturn-type]
gcc -m64 -D_FORTIFY_SOURCE=2 -D_GNU_SOURCE -D_FILE_OFFSET_BITS=64 -D_LARGEFILE_SOURCE -Wstrict-prototypes -Wredundant-decls -Wall -Wundef -Wendif-labels -Wwrite-strings -Wmissing-prototypes -fno-strict-aliasing -fstack-protector-all -Wmissing-include-dirs -Wempty-body -Wnested-externs -Wformat-security -Wformat-y2k -Winit-self -Wignored-qualifiers -Wold-style-declaration -Wold-style-definition -Wtype-limits -o /tmp/qemu-conf--3424-.exe /tmp/qemu-conf--3424-.c -m64 -g -lfdt
/usr/bin/ld: cannot find -lfdt
collect2: ld returned 1 exit status
gcc -m64 -D_FORTIFY_SOURCE=2 -D_GNU_SOURCE -D_FILE_OFFSET_BITS=64 -D_LARGEFILE_SOURCE -Wstrict-prototypes -Wredundant-decls -Wall -Wundef -Wendif-labels -Wwrite-strings -Wmissing-prototypes -fno-strict-aliasing -fstack-protector-all -Wmissing-include-dirs -Wempty-body -Wnested-externs -Wformat-security -Wformat-y2k -Winit-self -Wignored-qualifiers -Wold-style-declaration -Wold-style-definition -Wtype-limits -o /tmp/qemu-conf--3424-.exe /tmp/qemu-conf--3424-.c -m64 -g
gcc -m64 -D_FORTIFY_SOURCE=2 -D_GNU_SOURCE -D_FILE_OFFSET_BITS=64 -D_LARGEFILE_SOURCE -Wstrict-prototypes -Wredundant-decls -Wall -Wundef -Wendif-labels -Wwrite-strings -Wmissing-prototypes -fno-strict-aliasing -fstack-protector-all -Wmissing-include-dirs -Wempty-body -Wnested-externs -Wformat-security -Wformat-y2k -Winit-self -Wignored-qualifiers -Wold-style-declaration -Wold-style-definition -Wtype-limits -o /tmp/qemu-conf--3424-.exe /tmp/qemu-conf--3424-.c -m64 -g
gcc -m64 -D_FORTIFY_SOURCE=2 -D_GNU_SOURCE -D_FILE_OFFSET_BITS=64 -D_LARGEFILE_SOURCE -Wstrict-prototypes -Wredundant-decls -Wall -Wundef -Wendif-labels -Wwrite-strings -Wmissing-prototypes -fno-strict-aliasing -fstack-protector-all -Wmissing-include-dirs -Wempty-body -Wnested-externs -Wformat-security -Wformat-y2k -Winit-self -Wignored-qualifiers -Wold-style-declaration -Wold-style-definition -Wtype-limits -o /tmp/qemu-conf--3424-.exe /tmp/qemu-conf--3424-.c -m64 -g
gcc -m64 -D_FORTIFY_SOURCE=2 -D_GNU_SOURCE -D_FILE_OFFSET_BITS=64 -D_LARGEFILE_SOURCE -Wstrict-prototypes -Wredundant-decls -Wall -Wundef -Wendif-labels -Wwrite-strings -Wmissing-prototypes -fno-strict-aliasing -fstack-protector-all -Wmissing-include-dirs -Wempty-body -Wnested-externs -Wformat-security -Wformat-y2k -Winit-self -Wignored-qualifiers -Wold-style-declaration -Wold-style-definition -Wtype-limits -o /tmp/qemu-conf--3424-.exe /tmp/qemu-conf--3424-.c -m64 -g
/tmp/qemu-conf--3424-.c: In function ‘main’:
/tmp/qemu-conf--3424-.c:7:5: warning: implicit declaration of function ‘utimensat’ [-Wimplicit-function-declaration]
/tmp/qemu-conf--3424-.c:7:5: warning: nested extern declaration of ‘utimensat’ [-Wnested-externs]
/tmp/qemu-conf--3424-.c:8:5: warning: implicit declaration of function ‘futimens’ [-Wimplicit-function-declaration]
/tmp/qemu-conf--3424-.c:8:5: warning: nested extern declaration of ‘futimens’ [-Wnested-externs]
gcc -m64 -D_FORTIFY_SOURCE=2 -D_GNU_SOURCE -D_FILE_OFFSET_BITS=64 -D_LARGEFILE_SOURCE -Wstrict-prototypes -Wredundant-decls -Wall -Wundef -Wendif-labels -Wwrite-strings -Wmissing-prototypes -fno-strict-aliasing -fstack-protector-all -Wmissing-include-dirs -Wempty-body -Wnested-externs -Wformat-security -Wformat-y2k -Winit-self -Wignored-qualifiers -Wold-style-declaration -Wold-style-definition -Wtype-limits -o /tmp/qemu-conf--3424-.exe /tmp/qemu-conf--3424-.c -m64 -g
gcc -m64 -D_FORTIFY_SOURCE=2 -D_GNU_SOURCE -D_FILE_OFFSET_BITS=64 -D_LARGEFILE_SOURCE -Wstrict-prototypes -Wredundant-decls -Wall -Wundef -Wendif-labels -Wwrite-strings -Wmissing-prototypes -fno-strict-aliasing -fstack-protector-all -Wmissing-include-dirs -Wempty-body -Wnested-externs -Wformat-security -Wformat-y2k -Winit-self -Wignored-qualifiers -Wold-style-declaration -Wold-style-definition -Wtype-limits -o /tmp/qemu-conf--3424-.exe /tmp/qemu-conf--3424-.c -m64 -g
gcc -m64 -D_FORTIFY_SOURCE=2 -D_GNU_SOURCE -D_FILE_OFFSET_BITS=64 -D_LARGEFILE_SOURCE -Wstrict-prototypes -Wredundant-decls -Wall -Wundef -Wendif-labels -Wwrite-strings -Wmissing-prototypes -fno-strict-aliasing -fstack-protector-all -Wmissing-include-dirs -Wempty-body -Wnested-externs -Wformat-security -Wformat-y2k -Winit-self -Wignored-qualifiers -Wold-style-declaration -Wold-style-definition -Wtype-limits -o /tmp/qemu-conf--3424-.exe /tmp/qemu-conf--3424-.c -m64 -g
/tmp/qemu-conf--3424-.c: In function ‘main’:
/tmp/qemu-conf--3424-.c:9:11: warning: ‘fd’ is used uninitialized in this function [-Wuninitialized]
gcc -m64 -D_FORTIFY_SOURCE=2 -D_GNU_SOURCE -D_FILE_OFFSET_BITS=64 -D_LARGEFILE_SOURCE -Wstrict-prototypes -Wredundant-decls -Wall -Wundef -Wendif-labels -Wwrite-strings -Wmissing-prototypes -fno-strict-aliasing -fstack-protector-all -Wmissing-include-dirs -Wempty-body -Wnested-externs -Wformat-security -Wformat-y2k -Winit-self -Wignored-qualifiers -Wold-style-declaration -Wold-style-definition -Wtype-limits -o /tmp/qemu-conf--3424-.exe /tmp/qemu-conf--3424-.c -m64 -g
/tmp/qemu-conf--3424-.c:1:0: warning: "_GNU_SOURCE" redefined [enabled by default]
<command-line>:0:0: note: this is the location of the previous definition
gcc -m64 -D_FORTIFY_SOURCE=2 -D_GNU_SOURCE -D_FILE_OFFSET_BITS=64 -D_LARGEFILE_SOURCE -Wstrict-prototypes -Wredundant-decls -Wall -Wundef -Wendif-labels -Wwrite-strings -Wmissing-prototypes -fno-strict-aliasing -fstack-protector-all -Wmissing-include-dirs -Wempty-body -Wnested-externs -Wformat-security -Wformat-y2k -Winit-self -Wignored-qualifiers -Wold-style-declaration -Wold-style-definition -Wtype-limits -o /tmp/qemu-conf--3424-.exe /tmp/qemu-conf--3424-.c -m64 -g
/tmp/qemu-conf--3424-.c: In function ‘main’:
/tmp/qemu-conf--3424-.c:5:9: warning: unused variable ‘efd’ [-Wunused-variable]
gcc -m64 -D_FORTIFY_SOURCE=2 -D_GNU_SOURCE -D_FILE_OFFSET_BITS=64 -D_LARGEFILE_SOURCE -Wstrict-prototypes -Wredundant-decls -Wall -Wundef -Wendif-labels -Wwrite-strings -Wmissing-prototypes -fno-strict-aliasing -fstack-protector-all -Wmissing-include-dirs -Wempty-body -Wnested-externs -Wformat-security -Wformat-y2k -Winit-self -Wignored-qualifiers -Wold-style-declaration -Wold-style-definition -Wtype-limits -o /tmp/qemu-conf--3424-.exe /tmp/qemu-conf--3424-.c -m64 -g
gcc -m64 -D_FORTIFY_SOURCE=2 -D_GNU_SOURCE -D_FILE_OFFSET_BITS=64 -D_LARGEFILE_SOURCE -Wstrict-prototypes -Wredundant-decls -Wall -Wundef -Wendif-labels -Wwrite-strings -Wmissing-prototypes -fno-strict-aliasing -fstack-protector-all -Wmissing-include-dirs -Wempty-body -Wnested-externs -Wformat-security -Wformat-y2k -Winit-self -Wignored-qualifiers -Wold-style-declaration -Wold-style-definition -Wtype-limits -o /tmp/qemu-conf--3424-.exe /tmp/qemu-conf--3424-.c -m64 -g
gcc -m64 -D_FORTIFY_SOURCE=2 -D_GNU_SOURCE -D_FILE_OFFSET_BITS=64 -D_LARGEFILE_SOURCE -Wstrict-prototypes -Wredundant-decls -Wall -Wundef -Wendif-labels -Wwrite-strings -Wmissing-prototypes -fno-strict-aliasing -fstack-protector-all -Wmissing-include-dirs -Wempty-body -Wnested-externs -Wformat-security -Wformat-y2k -Winit-self -Wignored-qualifiers -Wold-style-declaration -Wold-style-definition -Wtype-limits -o /tmp/qemu-conf--3424-.exe /tmp/qemu-conf--3424-.c -m64 -g
gcc -m64 -D_FORTIFY_SOURCE=2 -D_GNU_SOURCE -D_FILE_OFFSET_BITS=64 -D_LARGEFILE_SOURCE -Wstrict-prototypes -Wredundant-decls -Wall -Wundef -Wendif-labels -Wwrite-strings -Wmissing-prototypes -fno-strict-aliasing -fstack-protector-all -Wmissing-include-dirs -Wempty-body -Wnested-externs -Wformat-security -Wformat-y2k -Winit-self -Wignored-qualifiers -Wold-style-declaration -Wold-style-definition -Wtype-limits -o /tmp/qemu-conf--3424-.exe /tmp/qemu-conf--3424-.c -m64 -g
gcc -m64 -D_FORTIFY_SOURCE=2 -D_GNU_SOURCE -D_FILE_OFFSET_BITS=64 -D_LARGEFILE_SOURCE -Wstrict-prototypes -Wredundant-decls -Wall -Wundef -Wendif-labels -Wwrite-strings -Wmissing-prototypes -fno-strict-aliasing -fstack-protector-all -Wmissing-include-dirs -Wempty-body -Wnested-externs -Wformat-security -Wformat-y2k -Winit-self -Wignored-qualifiers -Wold-style-declaration -Wold-style-definition -Wtype-limits -o /tmp/qemu-conf--3424-.exe /tmp/qemu-conf--3424-.c -m64 -g
gcc -m64 -D_FORTIFY_SOURCE=2 -D_GNU_SOURCE -D_FILE_OFFSET_BITS=64 -D_LARGEFILE_SOURCE -Wstrict-prototypes -Wredundant-decls -Wall -Wundef -Wendif-labels -Wwrite-strings -Wmissing-prototypes -fno-strict-aliasing -fstack-protector-all -Wmissing-include-dirs -Wempty-body -Wnested-externs -Wformat-security -Wformat-y2k -Winit-self -Wignored-qualifiers -Wold-style-declaration -Wold-style-definition -Wtype-limits -o /tmp/qemu-conf--3424-.exe /tmp/qemu-conf--3424-.c -m64 -g
/tmp/qemu-conf--3424-.c:1:24: fatal error: sys/endian.h: No such file or directory
compilation terminated.
gcc -m64 -D_FORTIFY_SOURCE=2 -D_GNU_SOURCE -D_FILE_OFFSET_BITS=64 -D_LARGEFILE_SOURCE -Wstrict-prototypes -Wredundant-decls -Wall -Wundef -Wendif-labels -Wwrite-strings -Wmissing-prototypes -fno-strict-aliasing -fstack-protector-all -Wmissing-include-dirs -Wempty-body -Wnested-externs -Wformat-security -Wformat-y2k -Winit-self -Wignored-qualifiers -Wold-style-declaration -Wold-style-definition -Wtype-limits -o /tmp/qemu-conf--3424-.exe /tmp/qemu-conf--3424-.c -m64 -g
/tmp/qemu-conf--3424-.c: In function ‘main’:
/tmp/qemu-conf--3424-.c:3:32: warning: ‘id’ is used uninitialized in this function [-Wuninitialized]
/tmp/ccxVs9RM.o: In function `main':
/tmp/qemu-conf--3424-.c:3: undefined reference to `clock_gettime'
collect2: ld returned 1 exit status
gcc -m64 -D_FORTIFY_SOURCE=2 -D_GNU_SOURCE -D_FILE_OFFSET_BITS=64 -D_LARGEFILE_SOURCE -Wstrict-prototypes -Wredundant-decls -Wall -Wundef -Wendif-labels -Wwrite-strings -Wmissing-prototypes -fno-strict-aliasing -fstack-protector-all -Wmissing-include-dirs -Wempty-body -Wnested-externs -Wformat-security -Wformat-y2k -Winit-self -Wignored-qualifiers -Wold-style-declaration -Wold-style-definition -Wtype-limits -o /tmp/qemu-conf--3424-.exe /tmp/qemu-conf--3424-.c -m64 -g -lrt
/tmp/qemu-conf--3424-.c: In function ‘main’:
/tmp/qemu-conf--3424-.c:3:32: warning: ‘id’ is used uninitialized in this function [-Wuninitialized]
gcc -m64 -D_FORTIFY_SOURCE=2 -D_GNU_SOURCE -D_FILE_OFFSET_BITS=64 -D_LARGEFILE_SOURCE -Wstrict-prototypes -Wredundant-decls -Wall -Wundef -Wendif-labels -Wwrite-strings -Wmissing-prototypes -fno-strict-aliasing -fstack-protector-all -Wmissing-include-dirs -Wempty-body -Wnested-externs -Wformat-security -Wformat-y2k -Winit-self -Wignored-qualifiers -Wold-style-declaration -Wold-style-definition -Wtype-limits -o /tmp/qemu-conf--3424-.exe /tmp/qemu-conf--3424-.c -m64 -g
gcc -m64 -D_FORTIFY_SOURCE=2 -D_GNU_SOURCE -D_FILE_OFFSET_BITS=64 -D_LARGEFILE_SOURCE -Wstrict-prototypes -Wredundant-decls -Wall -Wundef -Wendif-labels -Wwrite-strings -Wmissing-prototypes -fno-strict-aliasing -fstack-protector-all -Wmissing-include-dirs -Wempty-body -Wnested-externs -Wformat-security -Wformat-y2k -Winit-self -Wignored-qualifiers -Wold-style-declaration -Wold-style-definition -Wtype-limits -o /tmp/qemu-conf--3424-.exe /tmp/qemu-conf--3424-.c -m64 -g
gcc -m64 -D_FORTIFY_SOURCE=2 -D_GNU_SOURCE -D_FILE_OFFSET_BITS=64 -D_LARGEFILE_SOURCE -Wstrict-prototypes -Wredundant-decls -Wall -Wundef -Wendif-labels -Wwrite-strings -Wmissing-prototypes -fno-strict-aliasing -fstack-protector-all -Wmissing-include-dirs -Wempty-body -Wnested-externs -Wformat-security -Wformat-y2k -Winit-self -Wignored-qualifiers -Wold-style-declaration -Wold-style-definition -Wtype-limits -o /tmp/qemu-conf--3424-.exe /tmp/qemu-conf--3424-.c -m64 -g
gcc -m64 -D_FORTIFY_SOURCE=2 -D_GNU_SOURCE -D_FILE_OFFSET_BITS=64 -D_LARGEFILE_SOURCE -Wstrict-prototypes -Wredundant-decls -Wall -Wundef -Wendif-labels -Wwrite-strings -Wmissing-prototypes -fno-strict-aliasing -fstack-protector-all -Wmissing-include-dirs -Wempty-body -Wnested-externs -Wformat-security -Wformat-y2k -Winit-self -Wignored-qualifiers -Wold-style-declaration -Wold-style-definition -Wtype-limits -o /tmp/qemu-conf--3424-.exe /tmp/qemu-conf--3424-.c -m64 -g
gcc -m64 -D_FORTIFY_SOURCE=2 -D_GNU_SOURCE -D_FILE_OFFSET_BITS=64 -D_LARGEFILE_SOURCE -Wstrict-prototypes -Wredundant-decls -Wall -Wundef -Wendif-labels -Wwrite-strings -Wmissing-prototypes -fno-strict-aliasing -fstack-protector-all -Wmissing-include-dirs -Wempty-body -Wnested-externs -Wformat-security -Wformat-y2k -Winit-self -Wignored-qualifiers -Wold-style-declaration -Wold-style-definition -Wtype-limits -o /tmp/qemu-conf--3424-.exe /tmp/qemu-conf--3424-.c -m64 -g
